[debug] [2021-03-06T15:17:36.250Z] ----------------------------------------------------------------------
[debug] [2021-03-06T15:17:36.253Z] Command:       C:\Program Files\nodejs\node.exe C:\Users\jedie\AppData\Roaming\npm\node_modules\firebase-tools\lib\bin\firebase.js serve
[debug] [2021-03-06T15:17:36.253Z] CLI Version:   9.5.0
[debug] [2021-03-06T15:17:36.253Z] Platform:      win32
[debug] [2021-03-06T15:17:36.253Z] Node Version:  v12.19.0
[debug] [2021-03-06T15:17:36.254Z] Time:          Sat Mar 06 2021 23:17:36 GMT+0800 (Singapore Standard Time)
[debug] [2021-03-06T15:17:36.255Z] ----------------------------------------------------------------------
[debug] [2021-03-06T15:17:36.255Z] 
[debug] [2021-03-06T15:17:36.264Z] > command requires scopes: ["email","openid","https://www.googleapis.com/auth/cloudplatformprojects.readonly","https://www.googleapis.com/auth/firebase","https://www.googleapis.com/auth/cloud-platform"]
[debug] [2021-03-06T15:17:36.265Z] > authorizing via signed-in user
[debug] [2021-03-06T15:17:36.265Z] [iam] checking project liadatabase for permissions ["firebase.projects.get"]
[debug] [2021-03-06T15:17:36.268Z] > refreshing access token with scopes: ["email","https://www.googleapis.com/auth/cloud-platform","https://www.googleapis.com/auth/cloudplatformprojects.readonly","https://www.googleapis.com/auth/firebase","openid"]
[debug] [2021-03-06T15:17:36.268Z] >>> HTTP REQUEST POST https://www.googleapis.com/oauth2/v3/token  
 <request body omitted>
[debug] [2021-03-06T15:17:36.466Z] <<< HTTP RESPONSE 200 {"expires":"Mon, 01 Jan 1990 00:00:00 GMT","date":"Sat, 06 Mar 2021 15:17:36 GMT","cache-control":"no-cache, no-store, max-age=0, must-revalidate","pragma":"no-cache","content-type":"application/json; charset=utf-8","vary":"X-Origin, Referer, Origin,Accept-Encoding","server":"scaffolding on HTTPServer2","x-xss-protection":"0","x-frame-options":"SAMEORIGIN","x-content-type-options":"nosniff","alt-svc":"h3-29=\":443\"; ma=2592000,h3-T051=\":443\"; ma=2592000,h3-Q050=\":443\"; ma=2592000,h3-Q046=\":443\"; ma=2592000,h3-Q043=\":443\"; ma=2592000,quic=\":443\"; ma=2592000; v=\"46,43\"","accept-ranges":"none","transfer-encoding":"chunked"}
[debug] [2021-03-06T15:17:36.494Z] >>> HTTP REQUEST POST https://cloudresourcemanager.googleapis.com/v1/projects/liadatabase:testIamPermissions  
 {"permissions":["firebase.projects.get"]}
[debug] [2021-03-06T15:17:37.474Z] <<< HTTP RESPONSE 200 {"content-type":"application/json; charset=UTF-8","vary":"X-Origin, Referer, Origin,Accept-Encoding","date":"Sat, 06 Mar 2021 15:17:37 GMT","server":"ESF","cache-control":"private","x-xss-protection":"0","x-frame-options":"SAMEORIGIN","x-content-type-options":"nosniff","server-timing":"gfet4t7; dur=827","alt-svc":"h3-29=\":443\"; ma=2592000,h3-T051=\":443\"; ma=2592000,h3-Q050=\":443\"; ma=2592000,h3-Q046=\":443\"; ma=2592000,h3-Q043=\":443\"; ma=2592000,quic=\":443\"; ma=2592000; v=\"46,43\"","accept-ranges":"none","transfer-encoding":"chunked"}
[debug] [2021-03-06T15:17:37.478Z] > refreshing access token with scopes: []
[debug] [2021-03-06T15:17:37.479Z] >>> HTTP REQUEST POST https://www.googleapis.com/oauth2/v3/token  
 <request body omitted>
[debug] [2021-03-06T15:17:37.652Z] <<< HTTP RESPONSE 200 {"pragma":"no-cache","cache-control":"no-cache, no-store, max-age=0, must-revalidate","expires":"Mon, 01 Jan 1990 00:00:00 GMT","date":"Sat, 06 Mar 2021 15:17:37 GMT","content-type":"application/json; charset=utf-8","vary":"X-Origin, Referer, Origin,Accept-Encoding","server":"scaffolding on HTTPServer2","x-xss-protection":"0","x-frame-options":"SAMEORIGIN","x-content-type-options":"nosniff","alt-svc":"h3-29=\":443\"; ma=2592000,h3-T051=\":443\"; ma=2592000,h3-Q050=\":443\"; ma=2592000,h3-Q046=\":443\"; ma=2592000,h3-Q043=\":443\"; ma=2592000,quic=\":443\"; ma=2592000; v=\"46,43\"","accept-ranges":"none","transfer-encoding":"chunked"}
[debug] [2021-03-06T15:17:37.684Z] >>> [apiv2][query] GET https://firebase.googleapis.com/v1beta1/projects/liadatabase [none]
[debug] [2021-03-06T15:17:38.028Z] <<< [apiv2][status] GET https://firebase.googleapis.com/v1beta1/projects/liadatabase 200
[debug] [2021-03-06T15:17:38.028Z] <<< [apiv2][body] GET https://firebase.googleapis.com/v1beta1/projects/liadatabase {"projectId":"liadatabase","projectNumber":"1077498265403","displayName":"liadatabase","name":"projects/liadatabase","resources":{"hostingSite":"liadatabase","realtimeDatabaseInstance":"liadatabase-default-rtdb","storageBucket":"liadatabase.appspot.com","locationId":"asia-northeast1"},"state":"ACTIVE"}
[info] 
[info] === Serving from 'C:\Users\jedie\Desktop\lia\nyora'...
[info] 
[debug] [2021-03-06T15:17:38.032Z] >>> [apiv2][query] GET https://firebase.googleapis.com/v1beta1/projects/liadatabase/webApps/-/config [none]
[debug] [2021-03-06T15:17:39.525Z] <<< [apiv2][status] GET https://firebase.googleapis.com/v1beta1/projects/liadatabase/webApps/-/config 200
[debug] [2021-03-06T15:17:39.525Z] <<< [apiv2][body] GET https://firebase.googleapis.com/v1beta1/projects/liadatabase/webApps/-/config {"projectId":"liadatabase","appId":"1:1077498265403:web:f4a6d6b0364ab1376d011e","databaseURL":"https://liadatabase-default-rtdb.firebaseio.com","storageBucket":"liadatabase.appspot.com","locationId":"asia-northeast1","apiKey":"AIzaSyDXhiYom5XHDJEVPsEv5G7zt2kjcN_kQ1w","authDomain":"liadatabase.firebaseapp.com","messagingSenderId":"1077498265403","measurementId":"G-FSZEZPZJXF"}
[warn] !  hosting: Port 5000 is not available. Trying another port... {"metadata":{"emulator":{"name":"hosting"},"message":"\u001b[33mhosting: \u001b[39mPort 5000 is not available. Trying another port..."}}
[info] i  hosting: Serving hosting files from: dist {"metadata":{"emulator":{"name":"hosting"},"message":"Serving hosting files from: \u001b[1mdist\u001b[22m"}}
[info] +  hosting: Local server: http://localhost:5005 {"metadata":{"emulator":{"name":"hosting"},"message":"Local server: \u001b[4m\u001b[1mhttp://localhost:5005\u001b[22m\u001b[24m"}}
